#
# There is insufficient memory for the Java Runtime Environment to continue.
# Native memory allocation (mmap) failed to map 257949696 bytes for G1 virtual space
# Possible reasons:
#   The system is out of physical RAM or swap space
#   The process is running with CompressedOops enabled, and the Java Heap may be blocking the growth of the native heap
# Possible solutions:
#   Reduce memory load on the system
#   Increase physical memory or swap space
#   Check if swap backing store is full
#   Decrease Java heap size (-Xmx/-Xms)
#   Decrease number of Java threads
#   Decrease Java thread stack sizes (-Xss)
#   Set larger code cache with -XX:ReservedCodeCacheSize=
#   JVM is running with Zero Based Compressed Oops mode in which the Java heap is
#     placed in the first 32GB address space. The Java Heap base address is the
#     maximum limit for the native heap growth. Please use -XX:HeapBaseMinAddress
#     to set the Java Heap base and to place the Java Heap above 32GB virtual address.
# This output file may be truncated or incomplete.
#
#  Out of Memory Error (os_windows.cpp:3825), pid=11488, tid=3252
#
# JRE version:  (17.0.10+8) (build )
# Java VM: OpenJDK 64-Bit Server VM (17.0.10+8-b1207.12, mixed mode, sharing, tiered, compressed oops, compressed class ptrs, g1 gc, windows-amd64)
# No core dump will be written. Minidumps are not enabled by default on client versions of Windows
#

---------------  S U M M A R Y ------------

Command Line: git4idea.http.GitAskPassApp Username for 'https://github.com': 

Host: AMD Ryzen 7 5800H with Radeon Graphics         , 16 cores, 15G,  Windows 11 , 64 bit Build 22621 (10.0.22621.3527)
Time: Thu Jun  6 00:19:12 2024 SE Asia Standard Time elapsed time: 0.007342 seconds (0d 0h 0m 0s)

---------------  T H R E A D  ---------------

Current thread (0x000001f09bffed70):  JavaThread "Unknown thread" [_thread_in_vm, id=3252, stack(0x000000d65ac00000,0x000000d65ad00000)]

Stack: [0x000000d65ac00000,0x000000d65ad00000]
Native frames: (J=compiled Java code, j=interpreted, Vv=VM code, C=native code)
V  [jvm.dll+0x687989]
V  [jvm.dll+0x84116a]
V  [jvm.dll+0x842dae]
V  [jvm.dll+0x843413]
V  [jvm.dll+0x249ccf]
V  [jvm.dll+0x684759]
V  [jvm.dll+0x67900a]
V  [jvm.dll+0x30ab0b]
V  [jvm.dll+0x311fb6]
V  [jvm.dll+0x361d5e]
V  [jvm.dll+0x361f8f]
V  [jvm.dll+0x2e07f8]
V  [jvm.dll+0x2e1764]
V  [jvm.dll+0x811c31]
V  [jvm.dll+0x36fc11]
V  [jvm.dll+0x7f0666]
V  [jvm.dll+0x3f3daf]
V  [jvm.dll+0x3f5a41]
C  [jli.dll+0x528f]
C  [ucrtbase.dll+0x29333]
C  [KERNEL32.DLL+0x1257d]
C  [ntdll.dll+0x5aa48]


---------------  P R O C E S S  ---------------

Threads class SMR info:
_java_thread_list=0x00007ffc532bdf58, length=0, elements={
}

Java Threads: ( => current thread )

Other Threads:
  0x000001f09c068ee0 GCTaskThread "GC Thread#0" [stack: 0x000000d65ad00000,0x000000d65ae00000] [id=7128]
  0x000001f09c079310 ConcurrentGCThread "G1 Main Marker" [stack: 0x000000d65ae00000,0x000000d65af00000] [id=19316]
  0x000001f09c07a3e0 ConcurrentGCThread "G1 Conc#0" [stack: 0x000000d65af00000,0x000000d65b000000] [id=11504]

[error occurred during error reporting (printing all threads), id 0xc0000005, EXCEPTION_ACCESS_VIOLATION (0xc0000005) at pc=0x00007ffc52a713c7]

VM state: not at safepoint (not fully initialized)

VM Mutex/Monitor currently owned by a thread:  ([mutex/lock_event])
[0x000001f09bff9580] Heap_lock - owner thread: 0x000001f09bffed70

Heap address: 0x000000070a200000, size: 3934 MB, Compressed Oops mode: Zero based, Oop shift amount: 3

CDS archive(s) mapped at: [0x0000000000000000-0x0000000000000000-0x0000000000000000), size 0, SharedBaseAddress: 0x0000000800000000, ArchiveRelocationMode: 1.
Narrow klass base: 0x0000000000000000, Narrow klass shift: 0, Narrow klass range: 0x0

GC Precious Log:
<Empty>

Heap:
 garbage-first heap   total 0K, used 0K [0x000000070a200000, 0x0000000800000000)
  region size 2048K, 0 young (0K), 0 survivors (0K)
 Metaspace       used 0K, committed 0K, reserved 0K
  class space    used 0K, committed 0K, reserved 0K

Heap Regions: E=young(eden), S=young(survivor), O=old, HS=humongous(starts), HC=humongous(continues), CS=collection set, F=free, OA=open archive, CA=closed archive, TAMS=top-at-mark-start (previous, next)

Card table byte_map: [0x000001f0af7c0000,0x000001f0aff70000] _byte_map_base: 0x000001f0abf6f000

Marking Bits (Prev, Next): (CMBitMap*) 0x000001f09c069410, (CMBitMap*) 0x000001f09c069450
 Prev Bits: [0x000001f0b0720000, 0x000001f0b4498000)
 Next Bits: [0x000001f0b44a0000, 0x000001f0b8218000)

GC Heap History (0 events):
No events

Dll operation events (1 events):
Event: 0.005 Loaded shared library C:\Program Files\JetBrains\PhpStorm 2024.1\jbr\bin\java.dll

Deoptimization events (0 events):
No events

Classes unloaded (0 events):
No events

Classes redefined (0 events):
No events

Internal exceptions (0 events):
No events

VM Operations (0 events):
No events

Events (0 events):
No events


Dynamic libraries:
0x00007ff7bb6f0000 - 0x00007ff7bb6fa000 	C:\Program Files\JetBrains\PhpStorm 2024.1\jbr\bin\java.exe
0x00007ffca3110000 - 0x00007ffca3327000 	C:\Windows\SYSTEM32\ntdll.dll
0x00007ffca16b0000 - 0x00007ffca1774000 	C:\Windows\System32\KERNEL32.DLL
0x00007ffca04f0000 - 0x00007ffca0897000 	C:\Windows\System32\KERNELBASE.dll
0x00007ffca0b60000 - 0x00007ffca0c71000 	C:\Windows\System32\ucrtbase.dll
0x00007ffc80a60000 - 0x00007ffc80a77000 	C:\Program Files\JetBrains\PhpStorm 2024.1\jbr\bin\jli.dll
0x00007ffc6cea0000 - 0x00007ffc6cebb000 	C:\Program Files\JetBrains\PhpStorm 2024.1\jbr\bin\VCRUNTIME140.dll
0x00007ffca2290000 - 0x00007ffca243e000 	C:\Windows\System32\USER32.dll
0x00007ffc8db10000 - 0x00007ffc8dda3000 	C:\Windows\WinSxS\amd64_microsoft.windows.common-controls_6595b64144ccf1df_6.0.22621.3527_none_270e469b73872a76\COMCTL32.dll
0x00007ffca0a40000 - 0x00007ffca0a66000 	C:\Windows\System32\win32u.dll
0x00007ffca1860000 - 0x00007ffca1907000 	C:\Windows\System32\msvcrt.dll
0x00007ffca1470000 - 0x00007ffca1499000 	C:\Windows\System32\GDI32.dll
0x00007ffca0d20000 - 0x00007ffca0e39000 	C:\Windows\System32\gdi32full.dll
0x00007ffca0c80000 - 0x00007ffca0d1a000 	C:\Windows\System32\msvcp_win.dll
0x00007ffca2f90000 - 0x00007ffca2fc1000 	C:\Windows\System32\IMM32.DLL
0x00007ffc99510000 - 0x00007ffc9951c000 	C:\Program Files\JetBrains\PhpStorm 2024.1\jbr\bin\vcruntime140_1.dll
0x00007ffc3c460000 - 0x00007ffc3c4ed000 	C:\Program Files\JetBrains\PhpStorm 2024.1\jbr\bin\msvcp140.dll
0x00007ffc52780000 - 0x00007ffc53402000 	C:\Program Files\JetBrains\PhpStorm 2024.1\jbr\bin\server\jvm.dll
0x00007ffca1c50000 - 0x00007ffca1d02000 	C:\Windows\System32\ADVAPI32.dll
0x00007ffca13c0000 - 0x00007ffca1468000 	C:\Windows\System32\sechost.dll
0x00007ffca08a0000 - 0x00007ffca08c8000 	C:\Windows\System32\bcrypt.dll
0x00007ffca2150000 - 0x00007ffca2265000 	C:\Windows\System32\RPCRT4.dll
0x00007ffc9b180000 - 0x00007ffc9b189000 	C:\Windows\SYSTEM32\WSOCK32.dll
0x00007ffc9fc70000 - 0x00007ffc9fcbd000 	C:\Windows\SYSTEM32\POWRPROF.dll
0x00007ffca0e40000 - 0x00007ffca0eb1000 	C:\Windows\System32\WS2_32.dll
0x00007ffc9d810000 - 0x00007ffc9d844000 	C:\Windows\SYSTEM32\WINMM.dll
0x00007ffc96da0000 - 0x00007ffc96daa000 	C:\Windows\SYSTEM32\VERSION.dll
0x00007ffc9fc10000 - 0x00007ffc9fc23000 	C:\Windows\SYSTEM32\UMPDC.dll
0x00007ffc9f410000 - 0x00007ffc9f428000 	C:\Windows\SYSTEM32\kernel.appcore.dll
0x00007ffc994e0000 - 0x00007ffc994ea000 	C:\Program Files\JetBrains\PhpStorm 2024.1\jbr\bin\jimage.dll
0x00007ffc9d460000 - 0x00007ffc9d692000 	C:\Windows\SYSTEM32\DBGHELP.DLL
0x00007ffca1d10000 - 0x00007ffca2098000 	C:\Windows\System32\combase.dll
0x00007ffca1780000 - 0x00007ffca1857000 	C:\Windows\System32\OLEAUT32.dll
0x00007ffc9d6f0000 - 0x00007ffc9d722000 	C:\Windows\SYSTEM32\dbgcore.DLL
0x00007ffca0a70000 - 0x00007ffca0ae9000 	C:\Windows\System32\bcryptPrimitives.dll
0x00007ffc96420000 - 0x00007ffc96445000 	C:\Program Files\JetBrains\PhpStorm 2024.1\jbr\bin\java.dll

dbghelp: loaded successfully - version: 4.0.5 - missing functions: none
symbol engine: initialized successfully - sym options: 0x614 - pdb path: .;C:\Program Files\JetBrains\PhpStorm 2024.1\jbr\bin;C:\Windows\SYSTEM32;C:\Windows\WinSxS\amd64_microsoft.windows.common-controls_6595b64144ccf1df_6.0.22621.3527_none_270e469b73872a76;C:\Program Files\JetBrains\PhpStorm 2024.1\jbr\bin\server

VM Arguments:
java_command: git4idea.http.GitAskPassApp Username for 'https://github.com': 
java_class_path (initial): C:/Program Files/JetBrains/PhpStorm 2024.1/plugins/vcs-git/lib/git4idea-rt.jar;C:/Program Files/JetBrains/PhpStorm 2024.1/lib/externalProcess-rt.jar
Launcher Type: SUN_STANDARD

[Global flags]
     intx CICompilerCount                          = 12                                        {product} {ergonomic}
     uint ConcGCThreads                            = 3                                         {product} {ergonomic}
     uint G1ConcRefinementThreads                  = 13                                        {product} {ergonomic}
   size_t G1HeapRegionSize                         = 2097152                                   {product} {ergonomic}
    uintx GCDrainStackTargetSize                   = 64                                        {product} {ergonomic}
   size_t InitialHeapSize                          = 257949696                                 {product} {ergonomic}
   size_t MarkStackSize                            = 4194304                                   {product} {ergonomic}
   size_t MaxHeapSize                              = 4125097984                                {product} {ergonomic}
   size_t MinHeapDeltaBytes                        = 2097152                                   {product} {ergonomic}
   size_t MinHeapSize                              = 8388608                                   {product} {ergonomic}
    uintx NonNMethodCodeHeapSize                   = 7602480                                {pd product} {ergonomic}
    uintx NonProfiledCodeHeapSize                  = 122027880                              {pd product} {ergonomic}
    uintx ProfiledCodeHeapSize                     = 122027880                              {pd product} {ergonomic}
    uintx ReservedCodeCacheSize                    = 251658240                              {pd product} {ergonomic}
     bool SegmentedCodeCache                       = true                                      {product} {ergonomic}
   size_t SoftMaxHeapSize                          = 4125097984                             {manageable} {ergonomic}
     bool UseCompressedClassPointers               = true                           {product lp64_product} {ergonomic}
     bool UseCompressedOops                        = true                           {product lp64_product} {ergonomic}
     bool UseG1GC                                  = true                                      {product} {ergonomic}
     bool UseLargePagesIndividualAllocation        = false                                  {pd product} {ergonomic}

Logging:
Log output configuration:
 #0: stdout all=warning uptime,level,tags
 #1: stderr all=off uptime,level,tags

Environment Variables:
PATH=C:\Program Files\Git\mingw64\libexec\git-core;C:\Program Files\Git\mingw64\libexec\git-core;C:\Program Files\Git\mingw64\bin;C:\Program Files\Git\usr\bin;C:\Users\Phuc\bin;C:\Program Files\Common Files\Oracle\Java\javapath;D:\oracle\bin;C:\Users\Phuc\Desktop\WINDOWS.X64_193000_db_home\bin;C:\Program Files\Microsoft MPI\Bin;C:\Program Files (x86)\Common Files\Oracle\Java\javapath;C:\Windows\system32;C:\Windows;C:\Windows\System32\Wbem;C:\Windows\System32\WindowsPowerShell\v1.0;C:\Windows\System32\OpenSSH;C:\Program Files\dotnet;C:\ProgramData\chocolatey\bin;C:\Program Files\Git\cmd;C:\sqlite;C:\Program Files (x86)\Microsoft SQL Server\160\DTS\Binn;C:\Program Files\Azure Data Studio\bin;C:\Program Files (x86)\Microsoft SQL Server\160\Tools\Binn;C:\Program Files\Microsoft SQL Server\160\Tools\Binn;C:\Program Files\Microsoft SQL Server\Client SDK\ODBC\170\Tools\Binn;C:\Program Files\Microsoft SQL Server\160\DTS\Binn;C:\Program Files\Calibre2;C:\Program Files\Cloudflare\Cloudflare WARP;C:\composer;C:\Program Files\nodejs;C:\Users\Phuc\AppData\Local\Programs\Python\Launcher;C:\Users\Phuc\AppData\Local\Microsoft\WindowsApps;C:\Users\Phuc\AppData\Local\Programs\Microsoft VS Code\bin;C:\Program Files\JetBrains\IntelliJ IDEA 2023.2.1\bin;C:\Program Files\JetBrains\PyCharm 2023.3.2\bin;D:\CLion 2023.3.3\bin;C:\Program Files\JetBrains\WebStorm 2023.3.4\bin;C:\Program Files\Azure Data Studio\bin;C:\Program Files\JetBrains\PhpStorm 2024.1\bin;C:\xampp\php;C:\Users\Phuc\composer;C:\Users\Phuc\AppData\Roaming\Composer\vendor\bin;C:\xampp\mysql\bin;C:\Users\Phuc\AppData\Roaming\npm
USERNAME=Phuc
DISPLAY=:0.0
LC_ALL=en_US.UTF-8
TERM=xterm-256color
TMPDIR=C:\Users\Phuc\AppData\Local\Temp
OS=Windows_NT
PROCESSOR_IDENTIFIER=AMD64 Family 25 Model 80 Stepping 0, AuthenticAMD
TMP=C:\Users\Phuc\AppData\Local\Temp
TEMP=C:\Users\Phuc\AppData\Local\Temp



Periodic native trim disabled

JNI global refs:
JNI global refs: 0, weak refs: 0

JNI global refs memory usage: 0, weak refs: 0

OOME stack traces (most recent first):
Classloader memory used:


---------------  S Y S T E M  ---------------

OS:
 Windows 11 , 64 bit Build 22621 (10.0.22621.3527)
OS uptime: 0 days 1:51 hours
Hyper-V role detected

CPU: total 16 (initial active 16) (16 cores per cpu, 2 threads per core) family 25 model 80 stepping 0 microcode 0x0, cx8, cmov, fxsr, ht, mmx, 3dnowpref, sse, sse2, sse3, ssse3, sse4a, sse4.1, sse4.2, popcnt, lzcnt, tsc, tscinvbit, avx, avx2, aes, erms, clmul, bmi1, bmi2, adx, sha, fma, vzeroupper, clflush, clflushopt, hv
Processor Information for all 16 processors :
  Max Mhz: 3201, Current Mhz: 3201, Mhz Limit: 3201

Memory: 4k page, system-wide physical 15734M (894M free)
TotalPageFile size 15734M (AvailPageFile size 44M)
current process WorkingSet (physical memory assigned to process): 11M, peak: 11M
current process commit charge ("private bytes"): 70M, peak: 316M

vm_info: OpenJDK 64-Bit Server VM (17.0.10+8-b1207.12) for windows-amd64 JRE (17.0.10+8-b1207.12), built on 2024-03-15 by "builduser" with MS VC++ 16.10 / 16.11 (VS2019)

END.
